<?xml version="1.0" encoding="UTF-8"?>
<testng-results skipped="0" failed="0" ignored="0" total="3" passed="3">
  <reporter-output>
  </reporter-output>
  <suite name="apiframework" duration-ms="9183" started-at="2019-08-31T08:27:21Z" finished-at="2019-08-31T08:27:30Z">
    <groups>
      <group name="cucumber">
        <method signature="AbstractTestNGCucumberTests.feature(cucumber.api.testng.CucumberFeatureWrapper)[pri:0, instance:Runner@146ba0ac]" name="feature" class="cucumber.api.testng.AbstractTestNGCucumberTests"/>
      </group> <!-- cucumber -->
    </groups>
    <test name="api testing" duration-ms="9183" started-at="2019-08-31T08:27:21Z" finished-at="2019-08-31T08:27:30Z">
      <class name="Runner">
        <test-method status="PASS" signature="setUpClass()[pri:0, instance:Runner@146ba0ac]" name="setUpClass" is-config="true" duration-ms="371" started-at="2019-08-31T08:27:21Z" finished-at="2019-08-31T08:27:21Z">
          <reporter-output>
          </reporter-output>
        </test-method> <!-- setUpClass -->
        <test-method status="PASS" signature="feature(cucumber.api.testng.CucumberFeatureWrapper)[pri:0, instance:Runner@146ba0ac]" name="feature" duration-ms="5771" started-at="2019-08-31T08:27:21Z" description="Runs Cucumber Feature" data-provider="features" finished-at="2019-08-31T08:27:27Z">
          <params>
            <param index="0">
              <value>
                <![CDATA[to validate user creation and updation]]>
              </value>
            </param>
          </params>
          <reporter-output>
          </reporter-output>
        </test-method> <!-- feature -->
        <test-method status="PASS" signature="feature(cucumber.api.testng.CucumberFeatureWrapper)[pri:0, instance:Runner@146ba0ac]" name="feature" duration-ms="275" started-at="2019-08-31T08:27:27Z" description="Runs Cucumber Feature" data-provider="features" finished-at="2019-08-31T08:27:27Z">
          <params>
            <param index="0">
              <value>
                <![CDATA[to validate user details]]>
              </value>
            </param>
          </params>
          <reporter-output>
          </reporter-output>
        </test-method> <!-- feature -->
        <test-method status="PASS" signature="feature(cucumber.api.testng.CucumberFeatureWrapper)[pri:0, instance:Runner@146ba0ac]" name="feature" duration-ms="2638" started-at="2019-08-31T08:27:27Z" description="Runs Cucumber Feature" data-provider="features" finished-at="2019-08-31T08:27:30Z">
          <params>
            <param index="0">
              <value>
                <![CDATA[to validate user creation and updation]]>
              </value>
            </param>
          </params>
          <reporter-output>
          </reporter-output>
        </test-method> <!-- feature -->
        <test-method status="PASS" signature="tearDownClass()[pri:0, instance:Runner@146ba0ac]" name="tearDownClass" is-config="true" duration-ms="20" started-at="2019-08-31T08:27:30Z" finished-at="2019-08-31T08:27:30Z">
          <reporter-output>
          </reporter-output>
        </test-method> <!-- tearDownClass -->
      </class> <!-- Runner -->
    </test> <!-- api testing -->
  </suite> <!-- apiframework -->
</testng-results>
