-------------------------------------------------------------------------------
Test set: TestSuite
-------------------------------------------------------------------------------
Tests run: 3, Failures: 1, Errors: 0, Skipped: 0, Time elapsed: 14.111 s <<< FAILURE! - in TestSuite
feature(Runner)  Time elapsed: 4.493 s  <<< FAILURE!
cucumber.runtime.CucumberException: java.lang.AssertionError: Status check FAILED expected [200] but found [404]
Caused by: java.lang.AssertionError: Status check FAILED expected [200] but found [404]

