<?xml version="1.0" encoding="UTF-8"?>
<testsuite xmlns:xsi="http://www.w3.org/2001/XMLSchema-instance" xsi:noNamespaceSchemaLocation="https://maven.apache.org/surefire/maven-surefire-plugin/xsd/surefire-test-report-3.0.xsd" version="3.0" name="TestSuite" time="14.111" tests="3" errors="0" skipped="0" failures="1">
  <properties>
[...]
</properties>
  <testcase name="feature" classname="Runner" time="7.968"/>
  <testcase name="feature" classname="Runner" time="0.257"/>
  <testcase name="feature" classname="Runner" time="4.493">
    <failure message="java.lang.AssertionError: Status check FAILED expected [200] but found [404]" type="cucumber.runtime.CucumberException">cucumber.runtime.CucumberException: java.lang.AssertionError: Status check FAILED expected [200] but found [404]
Caused by: java.lang.AssertionError: Status check FAILED expected [200] but found [404]
</failure>
    <system-out><![CDATA[Feature: to validate user creation and updation
  
    to create a new user, update an existing user and validate the successfull creation and updation

  @createPet
  Scenario Outline: Create a User                      # user/ValidateUser.feature:6
    Given the user has POST api of create user
    When the user enters the data "<name>" and "<job>"
    When the user hits the POST api
    Then the user should be created

    Examples: 

  @createPet
  Scenario Outline: Create a User                       # user/ValidateUser.feature:14
    Given the user has POST api of create user          # ValidateUser.the_user_has_POST_api_of_create_user()
    When the user enters the data "vine" and "engineer" # ValidateUser.the_user_enters_the_data_and(String,String)
    When the user hits the POST api                     # ValidateUser.the_user_hits_the_POST_api()
    Then the user should be created                     # ValidateUser.the_user_should_be_created()

  @getUser
  Scenario: get a user details                   # user/ValidateUser.feature:17
    Given the user has GET api of user           # ValidateUser.the_user_has_GET_api_of_user()
    When the user hits the GET api with valid id # ValidateUser.the_user_hits_the_GET_api_with_valid_id()
    Then the user should be validated            # ValidateUser.the_user_should_be_validated()
      java.lang.AssertionError: Status check FAILED expected [200] but found [404]
      	at org.testng.Assert.fail(Assert.java:96)
      	at org.testng.Assert.failNotEquals(Assert.java:776)
      	at org.testng.Assert.assertEqualsImpl(Assert.java:137)
      	at org.testng.Assert.assertEquals(Assert.java:118)
      	at org.testng.Assert.assertEquals(Assert.java:652)
      	at reqres.helpers.HelperTestMethods.checkStatusIs200(HelperTestMethods.java:15)
      	at reqres.e2e.steps.user.ValidateUser.the_user_should_be_validated(ValidateUser.java:90)
      	at ✽.Then the user should be validated(user/ValidateUser.feature:20)


  @updateUser
  Scenario Outline: update a user details                        # user/ValidateUser.feature:24
    Given the user has PUT api of a user with valid id
    When user enters the updated data "<newName>" and "<newJob>"
    When the user hits the PUT api
    Then the user should be updated

    Examples: 

  @updateUser
  Scenario Outline: update a user details                     # user/ValidateUser.feature:32
    Given the user has PUT api of a user with valid id        # ValidateUser.the_user_has_PUT_api_of_a_user_with_valid_id()
    When user enters the updated data "vineetag" and "doctor" # ValidateUser.user_enters_the_updated_data_and(String,String)
    When the user hits the PUT api                            # ValidateUser.the_user_hits_the_PUT_api()
    Then the user should be updated                           # ValidateUser.the_user_should_be_updated()

  @deleteUser
  Scenario: delete a user                       # user/ValidateUser.feature:35
    Given the user has DELETE api with valid id # ValidateUser.the_user_has_DELETE_api_with_valid_id()
    When the user hits the DELETE api           # ValidateUser.the_user_hits_the_DELETE_api()
    Then the user should gets deleted           # ValidateUser.the_user_should_gets_deleted()
]]></system-out>
  </testcase>
</testsuite>