<?xml version="1.0" encoding="UTF-8"?>
<testsuite xmlns:xsi="http://www.w3.org/2001/XMLSchema-instance" xsi:noNamespaceSchemaLocation="https://maven.apache.org/surefire/maven-surefire-plugin/xsd/surefire-test-report-3.0.xsd" version="3.0" name="TestSuite" time="4.537" tests="1" errors="0" skipped="0" failures="1">
  <properties>
[...]
</properties>
  <testcase name="feature" classname="Runner" time="3.251">
    <failure message="java.net.UnknownHostException: reqres.in" type="cucumber.runtime.CucumberException">cucumber.runtime.CucumberException: java.net.UnknownHostException: reqres.in
Caused by: java.net.UnknownHostException: reqres.in
</failure>
    <system-out><![CDATA[Feature: to validate user details
  
    to validate a user details

  @getUser
  Scenario: get a user details                       # src/test/resources/feature/user/UserDetails.feature:7
    Given the user has GET api of user               # UserDetails.the_user_has_GET_api_of_user()
    When the user hits the GET api with valid id "5" # UserDetails.the_user_hits_the_GET_api_with_valid_id(String)
      java.net.UnknownHostException: reqres.in
      	at java.net.Inet6AddressImpl.lookupAllHostAddr(Native Method)
      	at java.net.InetAddress$2.lookupAllHostAddr(InetAddress.java:928)
      	at java.net.InetAddress.getAddressesFromNameService(InetAddress.java:1323)
      	at java.net.InetAddress.getAllByName0(InetAddress.java:1276)
      	at java.net.InetAddress.getAllByName(InetAddress.java:1192)
      	at java.net.InetAddress.getAllByName(InetAddress.java:1126)
      	at org.apache.http.impl.conn.SystemDefaultDnsResolver.resolve(SystemDefaultDnsResolver.java:45)
      	at org.apache.http.impl.conn.DefaultClientConnectionOperator.resolveHostname(DefaultClientConnectionOperator.java:263)
      	at org.apache.http.impl.conn.DefaultClientConnectionOperator.openConnection(DefaultClientConnectionOperator.java:162)
      	at org.apache.http.impl.conn.ManagedClientConnectionImpl.open(ManagedClientConnectionImpl.java:326)
      	at org.apache.http.impl.client.DefaultRequestDirector.tryConnect(DefaultRequestDirector.java:610)
      	at org.apache.http.impl.client.DefaultRequestDirector.execute(DefaultRequestDirector.java:445)
      	at org.apache.http.impl.client.AbstractHttpClient.doExecute(AbstractHttpClient.java:835)
      	at org.apache.http.impl.client.CloseableHttpClient.execute(CloseableHttpClient.java:83)
      	at org.apache.http.impl.client.CloseableHttpClient.execute(CloseableHttpClient.java:56)
      	at org.apache.http.client.HttpClient$execute$0.call(Unknown Source)
      	at org.codehaus.groovy.runtime.callsite.CallSiteArray.defaultCall(CallSiteArray.java:47)
      	at org.codehaus.groovy.runtime.callsite.AbstractCallSite.call(AbstractCallSite.java:116)
      	at org.codehaus.groovy.runtime.callsite.AbstractCallSite.call(AbstractCallSite.java:136)
      	at io.restassured.internal.RequestSpecificationImpl$RestAssuredHttpBuilder.doRequest(RequestSpecificationImpl.groovy:2146)
      	at io.restassured.internal.http.HTTPBuilder.doRequest(HTTPBuilder.java:494)
      	at io.restassured.internal.http.HTTPBuilder.request(HTTPBuilder.java:451)
      	at io.restassured.internal.http.HTTPBuilder$request$2.call(Unknown Source)
      	at org.codehaus.groovy.runtime.callsite.CallSiteArray.defaultCall(CallSiteArray.java:47)
      	at org.codehaus.groovy.runtime.callsite.AbstractCallSite.call(AbstractCallSite.java:116)
      	at org.codehaus.groovy.runtime.callsite.AbstractCallSite.call(AbstractCallSite.java:152)
      	at io.restassured.internal.RequestSpecificationImpl.sendHttpRequest(RequestSpecificationImpl.groovy:1544)
      	at sun.reflect.NativeMethodAccessorImpl.invoke0(Native Method)
      	at sun.reflect.NativeMethodAccessorImpl.invoke(NativeMethodAccessorImpl.java:62)
      	at sun.reflect.DelegatingMethodAccessorImpl.invoke(DelegatingMethodAccessorImpl.java:43)
      	at java.lang.reflect.Method.invoke(Method.java:498)
      	at org.codehaus.groovy.reflection.CachedMethod.invoke(CachedMethod.java:98)
      	at groovy.lang.MetaMethod.doMethodInvoke(MetaMethod.java:325)
      	at groovy.lang.MetaClassImpl.invokeMethod(MetaClassImpl.java:1225)
      	at groovy.lang.MetaClassImpl.invokeMethod(MetaClassImpl.java:1034)
      	at groovy.lang.MetaClassImpl.invokeMethod(MetaClassImpl.java:822)
      	at io.restassured.internal.RequestSpecificationImpl.invokeMethod(RequestSpecificationImpl.groovy)
      	at org.codehaus.groovy.runtime.callsite.PogoInterceptableSite.call(PogoInterceptableSite.java:47)
      	at org.codehaus.groovy.runtime.callsite.PogoInterceptableSite.callCurrent(PogoInterceptableSite.java:57)
      	at org.codehaus.groovy.runtime.callsite.CallSiteArray.defaultCallCurrent(CallSiteArray.java:51)
      	at org.codehaus.groovy.runtime.callsite.AbstractCallSite.callCurrent(AbstractCallSite.java:157)
      	at io.restassured.internal.RequestSpecificationImpl.sendRequest(RequestSpecificationImpl.groovy:1293)
      	at sun.reflect.NativeMethodAccessorImpl.invoke0(Native Method)
      	at sun.reflect.NativeMethodAccessorImpl.invoke(NativeMethodAccessorImpl.java:62)
      	at sun.reflect.DelegatingMethodAccessorImpl.invoke(DelegatingMethodAccessorImpl.java:43)
      	at java.lang.reflect.Method.invoke(Method.java:498)
      	at org.codehaus.groovy.reflection.CachedMethod.invoke(CachedMethod.java:98)
      	at groovy.lang.MetaMethod.doMethodInvoke(MetaMethod.java:325)
      	at groovy.lang.MetaClassImpl.invokeMethod(MetaClassImpl.java:1225)
      	at groovy.lang.MetaClassImpl.invokeMethod(MetaClassImpl.java:1034)
      	at groovy.lang.MetaClassImpl.invokeMethod(MetaClassImpl.java:822)
      	at io.restassured.internal.RequestSpecificationImpl.invokeMethod(RequestSpecificationImpl.groovy)
      	at org.codehaus.groovy.runtime.callsite.PogoInterceptableSite.call(PogoInterceptableSite.java:47)
      	at org.codehaus.groovy.runtime.callsite.CallSiteArray.defaultCall(CallSiteArray.java:47)
      	at org.codehaus.groovy.runtime.callsite.AbstractCallSite.call(AbstractCallSite.java:116)
      	at org.codehaus.groovy.runtime.callsite.AbstractCallSite.call(AbstractCallSite.java:152)
      	at io.restassured.internal.filter.SendRequestFilter.filter(SendRequestFilter.groovy:30)
      	at io.restassured.filter.Filter$filter$0.call(Unknown Source)
      	at org.codehaus.groovy.runtime.callsite.CallSiteArray.defaultCall(CallSiteArray.java:47)
      	at io.restassured.filter.Filter$filter.call(Unknown Source)
      	at io.restassured.internal.filter.FilterContextImpl.next(FilterContextImpl.groovy:72)
      	at io.restassured.filter.time.TimingFilter.filter(TimingFilter.java:56)
      	at io.restassured.filter.Filter$filter.call(Unknown Source)
      	at org.codehaus.groovy.runtime.callsite.CallSiteArray.defaultCall(CallSiteArray.java:47)
      	at org.codehaus.groovy.runtime.callsite.AbstractCallSite.call(AbstractCallSite.java:116)
      	at org.codehaus.groovy.runtime.callsite.AbstractCallSite.call(AbstractCallSite.java:144)
      	at io.restassured.internal.filter.FilterContextImpl.next(FilterContextImpl.groovy:72)
      	at io.restassured.filter.FilterContext$next.call(Unknown Source)
      	at org.codehaus.groovy.runtime.callsite.CallSiteArray.defaultCall(CallSiteArray.java:47)
      	at org.codehaus.groovy.runtime.callsite.AbstractCallSite.call(AbstractCallSite.java:116)
      	at org.codehaus.groovy.runtime.callsite.AbstractCallSite.call(AbstractCallSite.java:136)
      	at io.restassured.internal.RequestSpecificationImpl.applyPathParamsAndSendRequest(RequestSpecificationImpl.groovy:1749)
      	at sun.reflect.NativeMethodAccessorImpl.invoke0(Native Method)
      	at sun.reflect.NativeMethodAccessorImpl.invoke(NativeMethodAccessorImpl.java:62)
      	at sun.reflect.DelegatingMethodAccessorImpl.invoke(DelegatingMethodAccessorImpl.java:43)
      	at java.lang.reflect.Method.invoke(Method.java:498)
      	at org.codehaus.groovy.reflection.CachedMethod.invoke(CachedMethod.java:98)
      	at groovy.lang.MetaMethod.doMethodInvoke(MetaMethod.java:325)
      	at groovy.lang.MetaClassImpl.invokeMethod(MetaClassImpl.java:1225)
      	at groovy.lang.MetaClassImpl.invokeMethod(MetaClassImpl.java:1034)
      	at groovy.lang.MetaClassImpl.invokeMethod(MetaClassImpl.java:822)
      	at io.restassured.internal.RequestSpecificationImpl.invokeMethod(RequestSpecificationImpl.groovy)
      	at org.codehaus.groovy.runtime.callsite.PogoInterceptableSite.call(PogoInterceptableSite.java:47)
      	at org.codehaus.groovy.runtime.callsite.PogoInterceptableSite.callCurrent(PogoInterceptableSite.java:57)
      	at org.codehaus.groovy.runtime.callsite.CallSiteArray.defaultCallCurrent(CallSiteArray.java:51)
      	at org.codehaus.groovy.runtime.callsite.AbstractCallSite.callCurrent(AbstractCallSite.java:157)
      	at org.codehaus.groovy.runtime.callsite.AbstractCallSite.callCurrent(AbstractCallSite.java:185)
      	at io.restassured.internal.RequestSpecificationImpl.applyPathParamsAndSendRequest(RequestSpecificationImpl.groovy:1755)
      	at sun.reflect.NativeMethodAccessorImpl.invoke0(Native Method)
      	at sun.reflect.NativeMethodAccessorImpl.invoke(NativeMethodAccessorImpl.java:62)
      	at sun.reflect.DelegatingMethodAccessorImpl.invoke(DelegatingMethodAccessorImpl.java:43)
      	at java.lang.reflect.Method.invoke(Method.java:498)
      	at org.codehaus.groovy.reflection.CachedMethod.invoke(CachedMethod.java:98)
      	at groovy.lang.MetaMethod.doMethodInvoke(MetaMethod.java:325)
      	at groovy.lang.MetaClassImpl.invokeMethod(MetaClassImpl.java:1225)
      	at groovy.lang.MetaClassImpl.invokeMethod(MetaClassImpl.java:1034)
      	at groovy.lang.MetaClassImpl.invokeMethod(MetaClassImpl.java:822)
      	at io.restassured.internal.RequestSpecificationImpl.invokeMethod(RequestSpecificationImpl.groovy)
      	at org.codehaus.groovy.runtime.callsite.PogoInterceptableSite.call(PogoInterceptableSite.java:47)
      	at org.codehaus.groovy.runtime.callsite.PogoInterceptableSite.callCurrent(PogoInterceptableSite.java:57)
      	at org.codehaus.groovy.runtime.callsite.CallSiteArray.defaultCallCurrent(CallSiteArray.java:51)
      	at org.codehaus.groovy.runtime.callsite.AbstractCallSite.callCurrent(AbstractCallSite.java:157)
      	at org.codehaus.groovy.runtime.callsite.AbstractCallSite.callCurrent(AbstractCallSite.java:185)
      	at io.restassured.internal.RequestSpecificationImpl.get(RequestSpecificationImpl.groovy:171)
      	at io.restassured.internal.RequestSpecificationImpl.get(RequestSpecificationImpl.groovy)
      	at io.restassured.RestAssured.get(RestAssured.java:778)
      	at reqres.utils.Utils.getUserReponse(Utils.java:39)
      	at reqres.apitests.get.UserDetails.the_user_hits_the_GET_api_with_valid_id(UserDetails.java:30)
      	at ?.When the user hits the GET api with valid id "5"(src/test/resources/feature/user/UserDetails.feature:9)

    Then the user should be validated                # UserDetails.the_user_should_be_validated()
]]></system-out>
    <system-err><![CDATA[log4j:WARN No appenders could be found for logger (org.apache.http.impl.conn.BasicClientConnectionManager).
log4j:WARN Please initialize the log4j system properly.
]]></system-err>
  </testcase>
</testsuite>